#
# A fatal error has been detected by the Java Runtime Environment:
#
#  EXCEPTION_ACCESS_VIOLATION (0xc0000005) at pc=0x00007ffb44b92c43, pid=18948, tid=28184
#
# JRE version: Java(TM) SE Runtime Environment (17.0.7+8) (build 17.0.7+8-LTS-224)
# Java VM: Java HotSpot(TM) 64-Bit Server VM (17.0.7+8-LTS-224, mixed mode, sharing, tiered, compressed oops, compressed class ptrs, g1 gc, windows-amd64)
# Problematic frame:
# V  [jvm.dll+0x242c43]
#
# No core dump will be written. Minidumps are not enabled by default on client versions of Windows
#
# If you would like to submit a bug report, please visit:
#   https://bugreport.java.com/bugreport/crash.jsp
#

---------------  S U M M A R Y ------------

Command Line: -XX:+ShowCodeDetailsInExceptionMessages -agentlib:jdwp=transport=dt_socket,suspend=y,address=localhost:53349 -javaagent:C:\Users\mailm\eclipse\java-2023-032\eclipse\configuration\org.eclipse.osgi\231\0\.cp\lib\javaagent-shaded.jar -Dfile.encoding=UTF-8 com.demo1.DropDown

Host: 11th Gen Intel(R) Core(TM) i5-1155G7 @ 2.50GHz, 8 cores, 15G,  Windows 11 , 64 bit Build 22621 (10.0.22621.1778)
Time: Tue Jul 11 15:03:16 2023 India Standard Time elapsed time: 840.109017 seconds (0d 0h 14m 0s)

---------------  T H R E A D  ---------------

Current thread (0x000001f57e91e900):  VMThread "VM Thread" [stack: 0x000000d125600000,0x000000d125700000] [id=28184]

Stack: [0x000000d125600000,0x000000d125700000],  sp=0x000000d1256ff2f0,  free space=1020k
Native frames: (J=compiled Java code, j=interpreted, Vv=VM code, C=native code)
V  [jvm.dll+0x242c43]
V  [jvm.dll+0x52c4e7]
V  [jvm.dll+0x1f366b]
V  [jvm.dll+0x1f58b7]
V  [jvm.dll+0x52c91a]
V  [jvm.dll+0x7ddb0b]
V  [jvm.dll+0x7de844]
V  [jvm.dll+0x7ded5d]
V  [jvm.dll+0x7df134]
V  [jvm.dll+0x7df200]
V  [jvm.dll+0x78759a]
V  [jvm.dll+0x675875]
C  [ucrtbase.dll+0x29363]
C  [KERNEL32.DLL+0x126ad]
C  [ntdll.dll+0x5a9f8]


siginfo: EXCEPTION_ACCESS_VIOLATION (0xc0000005), reading address 0x00000000002c0000


Register to memory mapping:

RIP=0x00007ffb44b92c43 jvm.dll
RAX=0x00000000002c0000 is an unknown value
RBX=0x000001f57f83af78 is pointing into metadata
RCX=0x00000000002c0000 is an unknown value
RDX=0x000000d1256ff3d8 points into unknown readable memory: 0x00007ffb44c9ce00 | 00 ce c9 44 fb 7f 00 00
RSP=0x000000d1256ff2f0 points into unknown readable memory: 0x000001f57e91e518 | 18 e5 91 7e f5 01 00 00
RBP=0x0000000000000003 is an unknown value
RSI=0x0000000800c02920 is a pointer to class: 
org.eclipse.jdt.launching.internal.org.objectweb.asm.FieldVisitor {0x0000000800c02928}
 - instance size:     3
 - klass size:        70
 - access:            public synchronized abstract 
 - state:             fully_initialized
 - name:              'org/eclipse/jdt/launching/internal/org/objectweb/asm/FieldVisitor'
 - super:             'java/lang/Object'
 - sub:               'org/eclipse/jdt/launching/internal/org/objectweb/asm/FieldWriter'   
 - arrays:            NULL
 - methods:           Array<T>(0x000001f57f81adb0)
 - method ordering:   Array<T>(0x000001f57f81b390)
 - default_methods:   Array<T>(0x0000000000000000)
 - local interfaces:  Array<T>(0x00000008005cff48)
 - trans. interfaces: Array<T>(0x00000008005cff48)
 - constants:         constant pool [93] {0x000001f57f81aa30} for 'org/eclipse/jdt/launching/internal/org/objectweb/asm/FieldVisitor' cache=0x000001f57f83aef0
 - class loader data:  loader data: 0x000001f57f0d4350 for instance a 'jdk/internal/loader/ClassLoaders$AppClassLoader'{0x0000000713afd1f8}
 - source file:       'FieldVisitor.java'
 - class annotations:       Array<T>(0x0000000000000000)
 - class type annotations:  Array<T>(0x0000000000000000)
 - field annotations:       Array<T>(0x0000000000000000)
 - field type annotations:  Array<T>(0x0000000000000000)
 - inner classes:     Array<T>(0x00000008005cfed8)
 - nest members:     Array<T>(0x00000008005cfed8)
 - permitted subclasses:     Array<T>(0x00000008005cfed8)
 - java mirror:       a 'java/lang/Class'{0x0000000712f39658} = 'org/eclipse/jdt/launching/internal/org/objectweb/asm/FieldVisitor'
 - vtable length      10  (start addr: 0x0000000800c02ae8)
 - itable length      2 (start addr: 0x0000000800c02b38)
 - ---- static fields (0 words):
 - ---- non-static fields (2 words):
 - protected final 'api' 'I' @12 
 - protected 'fv' 'Lorg/eclipse/jdt/launching/internal/org/objectweb/asm/FieldVisitor;' @16 
 - non-static oop maps: 16-16 
RDI={method} {0x0000000800445d38} '<init>' '()V' in 'java/lang/Object'
R8 =0x0000000000000004 is an unknown value
R9 =0x0 is NULL
R10=0x0000000800c02b38 is pointing into metadata
R11=0x000000000000000a is an unknown value
R12=0x0 is NULL
R13=0x00007ffb45490090 jvm.dll
R14=0x000000d1256ff3d8 points into unknown readable memory: 0x00007ffb44c9ce00 | 00 ce c9 44 fb 7f 00 00
R15=0x000001f57f83aef0 is pointing into metadata


Registers:
RAX=0x00000000002c0000, RBX=0x000001f57f83af78, RCX=0x00000000002c0000, RDX=0x000000d1256ff3d8
RSP=0x000000d1256ff2f0, RBP=0x0000000000000003, RSI=0x0000000800c02920, RDI=0x0000000800445d30
R8 =0x0000000000000004, R9 =0x0000000000000000, R10=0x0000000800c02b38, R11=0x000000000000000a
R12=0x0000000000000000, R13=0x00007ffb45490090, R14=0x000000d1256ff3d8, R15=0x000001f57f83aef0
RIP=0x00007ffb44b92c43, EFLAGS=0x0000000000010206

Top of Stack: (sp=0x000000d1256ff2f0)
0x000000d1256ff2f0:   000001f57e91e518 000001f57e91e1d0
0x000000d1256ff300:   00007ffb45490090 00000000000003d8
0x000000d1256ff310:   000001f57e91e518 000001f57e91e1d0
0x000000d1256ff320:   00000000000003d8 00007ffb44e7c4e7
0x000000d1256ff330:   000001f57f81adf0 0000000800c02920
0x000000d1256ff340:   000001f57ef92300 000001f57e91e130
0x000000d1256ff350:   0000000800c02920 0000000000000000
0x000000d1256ff360:   00007ffb00000000 000001f57e91e900
0x000000d1256ff370:   000001f57ef91bc0 000001f57e91eba0
0x000000d1256ff380:   000001f57e91ebc0 000001f57e91ec88
0x000000d1256ff390:   00000000000000d8 000000d1256ff430
0x000000d1256ff3a0:   00000000000003d8 000001f57e91e518
0x000000d1256ff3b0:   00007ffb45207228 0000000713afd1f8
0x000000d1256ff3c0:   000000d1256ff4b0 00007ffb44b4366b
0x000000d1256ff3d0:   0000000800c02920 00007ffb44c9ce00
0x000000d1256ff3e0:   000000d1256ff4b0 000001f57c94ff20 

Instructions: (pc=0x00007ffb44b92c43)
0x00007ffb44b92b43:   8b 05 af 97 8f 00 c3 cc cc cc cc cc cc 48 89 4c
0x00007ffb44b92b53:   24 08 48 89 54 24 10 4c 89 44 24 18 4c 89 4c 24
0x00007ffb44b92b63:   20 48 83 ec 28 4c 8b c1 4c 8d 4c 24 38 48 8d 0d
0x00007ffb44b92b73:   f9 96 8b 00 ba 01 00 00 00 e8 cf 7f 32 00 48 83
0x00007ffb44b92b83:   c4 28 c3 cc cc cc cc cc cc cc cc cc cc 48 89 4c
0x00007ffb44b92b93:   24 08 48 89 54 24 10 4c 89 44 24 18 4c 89 4c 24
0x00007ffb44b92ba3:   20 48 83 ec 28 4c 8b c1 4c 8d 4c 24 38 48 8d 0d
0x00007ffb44b92bb3:   29 97 8b 00 ba 03 00 00 00 e8 8f 7f 32 00 48 83
0x00007ffb44b92bc3:   c4 28 c3 cc cc cc cc cc cc cc cc cc cc 48 89 6c
0x00007ffb44b92bd3:   24 20 41 54 41 56 41 57 48 83 ec 20 45 33 e4 4c
0x00007ffb44b92be3:   8b f2 4c 8b f9 41 8b ec 44 39 21 0f 8e 48 01 00
0x00007ffb44b92bf3:   00 48 89 5c 24 40 48 8d 59 28 48 89 74 24 48 48
0x00007ffb44b92c03:   89 7c 24 50 66 0f 1f 84 00 00 00 00 00 48 8b 43
0x00007ffb44b92c13:   10 48 c1 e8 1a f6 d0 a8 01 0f 84 fc 00 00 00 48
0x00007ffb44b92c23:   8b 43 10 48 c1 e8 14 a8 01 74 06 48 8b 7b 08 eb
0x00007ffb44b92c33:   22 48 8b 03 48 85 c0 0f 84 de 00 00 00 48 8b 0b
0x00007ffb44b92c43:   48 8b 01 ff 50 10 84 c0 75 06 48 8b 7b 08 eb 03
0x00007ffb44b92c53:   48 8b 3b 48 85 ff 0f 84 bf 00 00 00 48 8b 07 48
0x00007ffb44b92c63:   8b cf ff 50 10 84 c0 0f 84 ae 00 00 00 8b 4f 28
0x00007ffb44b92c73:   8b c1 c1 e8 10 a8 01 0f 84 9e 00 00 00 c1 e9 0f
0x00007ffb44b92c83:   f6 c1 01 74 18 48 8b 43 f8 0f b7 c8 48 89 4b f8
0x00007ffb44b92c93:   4c 89 23 4c 89 63 10 4c 89 63 08 eb 7e 48 8b 57
0x00007ffb44b92ca3:   08 48 8b 42 08 0f b7 52 2e 48 8b 48 18 e8 9b c7
0x00007ffb44b92cb3:   12 00 48 8b 4b 10 48 8b f0 48 c1 e9 14 f6 c1 01
0x00007ffb44b92cc3:   74 16 48 8b 4b 08 48 3b cf 75 50 48 89 43 08 48
0x00007ffb44b92cd3:   8d 0d 67 56 6a 00 eb 35 48 8b 0b 48 8b 01 ff 50
0x00007ffb44b92ce3:   10 84 c0 75 16 48 8b 43 08 48 3b c7 75 2d 48 89
0x00007ffb44b92cf3:   73 08 48 8d 0d 4c 56 6a 00 eb 12 48 8b 03 48 3b
0x00007ffb44b92d03:   c7 75 18 48 89 33 48 8d 0d 48 56 6a 00 4d 8b ce
0x00007ffb44b92d13:   4c 8b c6 48 8b d7 e8 42 05 00 00 ff c5 48 83 c3
0x00007ffb44b92d23:   20 41 3b 2f 0f 8c e3 fe ff ff 48 8b 7c 24 50 48
0x00007ffb44b92d33:   8b 74 24 48 48 8b 5c 24 40 48 8b 6c 24 58 48 83 


Stack slot to memory mapping:
stack at sp + 0 slots: 0x000001f57e91e518 points into unknown readable memory: 0x102076c8af5646c4 | c4 46 56 af c8 76 20 10
stack at sp + 1 slots: 0x000001f57e91e1d0 points into unknown readable memory: 0x696c63652e67726f | 6f 72 67 2e 65 63 6c 69
stack at sp + 2 slots: 0x00007ffb45490090 jvm.dll
stack at sp + 3 slots: 0x00000000000003d8 is an unknown value
stack at sp + 4 slots: 0x000001f57e91e518 points into unknown readable memory: 0x102076c8af5646c4 | c4 46 56 af c8 76 20 10
stack at sp + 5 slots: 0x000001f57e91e1d0 points into unknown readable memory: 0x696c63652e67726f | 6f 72 67 2e 65 63 6c 69
stack at sp + 6 slots: 0x00000000000003d8 is an unknown value
stack at sp + 7 slots: 0x00007ffb44e7c4e7 jvm.dll

VM_Operation (0x000000d1261ff850): RedefineClasses, mode: safepoint, requested by thread 0x000001f57f1afe80, redefining class com.demo1.DropDown



---------------  P R O C E S S  ---------------

Threads class SMR info:
_java_thread_list=0x000001f520e0cc60, length=15, elements={
0x000001f57c93ee40, 0x000001f57ef9c320, 0x000001f57ef9ced0, 0x000001f57efae470,
0x000001f57efaf020, 0x000001f57efafbd0, 0x000001f57efb2990, 0x000001f57efbc650,
0x000001f57efbf010, 0x000001f57efbf910, 0x000001f57e913570, 0x000001f57f1afe80,
0x000001f57f13e6b0, 0x000001f57f13f5b0, 0x000001f520da9210
}

Java Threads: ( => current thread )
  0x000001f57c93ee40 JavaThread "main" [_thread_blocked, id=10752, stack(0x000000d125000000,0x000000d125100000)]
  0x000001f57ef9c320 JavaThread "Reference Handler" daemon [_thread_blocked, id=2108, stack(0x000000d125700000,0x000000d125800000)]
  0x000001f57ef9ced0 JavaThread "Finalizer" daemon [_thread_blocked, id=12792, stack(0x000000d125800000,0x000000d125900000)]
  0x000001f57efae470 JavaThread "Signal Dispatcher" daemon [_thread_blocked, id=11164, stack(0x000000d125900000,0x000000d125a00000)]
  0x000001f57efaf020 JavaThread "Attach Listener" daemon [_thread_blocked, id=7692, stack(0x000000d125a00000,0x000000d125b00000)]
  0x000001f57efafbd0 JavaThread "Service Thread" daemon [_thread_blocked, id=18972, stack(0x000000d125b00000,0x000000d125c00000)]
  0x000001f57efb2990 JavaThread "Monitor Deflation Thread" daemon [_thread_blocked, id=16668, stack(0x000000d125c00000,0x000000d125d00000)]
  0x000001f57efbc650 JavaThread "C2 CompilerThread0" daemon [_thread_blocked, id=17424, stack(0x000000d125d00000,0x000000d125e00000)]
  0x000001f57efbf010 JavaThread "C1 CompilerThread0" daemon [_thread_blocked, id=5540, stack(0x000000d125e00000,0x000000d125f00000)]
  0x000001f57efbf910 JavaThread "Sweeper thread" daemon [_thread_blocked, id=23988, stack(0x000000d125f00000,0x000000d126000000)]
  0x000001f57e913570 JavaThread "Common-Cleaner" daemon [_thread_blocked, id=9176, stack(0x000000d126000000,0x000000d126100000)]
  0x000001f57f1afe80 JavaThread "JDWP Transport Listener: dt_socket" daemon [_thread_blocked, id=20160, stack(0x000000d126100000,0x000000d126200000)]
  0x000001f57f13e6b0 JavaThread "JDWP Event Helper Thread" daemon [_thread_blocked, id=10796, stack(0x000000d126200000,0x000000d126300000)]
  0x000001f57f13f5b0 JavaThread "JDWP Command Reader" daemon [_thread_in_native, id=17928, stack(0x000000d126300000,0x000000d126400000)]
  0x000001f520da9210 JavaThread "Notification Thread" daemon [_thread_blocked, id=25128, stack(0x000000d126600000,0x000000d126700000)]

Other Threads:
=>0x000001f57e91e900 VMThread "VM Thread" [stack: 0x000000d125600000,0x000000d125700000] [id=28184]
  0x000001f57c9c8270 WatcherThread [stack: 0x000000d126700000,0x000000d126800000] [id=14296]
  0x000001f57c9a8500 GCTaskThread "GC Thread#0" [stack: 0x000000d125100000,0x000000d125200000] [id=28644]
  0x000001f57c9ba460 ConcurrentGCThread "G1 Main Marker" [stack: 0x000000d125200000,0x000000d125300000] [id=8580]
  0x000001f57c9bbe80 ConcurrentGCThread "G1 Conc#0" [stack: 0x000000d125300000,0x000000d125400000] [id=13356]
  0x000001f57e7e68e0 ConcurrentGCThread "G1 Refine#0" [stack: 0x000000d125400000,0x000000d125500000] [id=23632]
  0x000001f57e7e71a0 ConcurrentGCThread "G1 Service" [stack: 0x000000d125500000,0x000000d125600000] [id=1748]

Threads with active compile tasks:

VM state: at safepoint (normal execution)

VM Mutex/Monitor currently owned by a thread:  ([mutex/lock_event])
[0x000001f57c93bbc0] Threads_lock - owner thread: 0x000001f57e91e900

Heap address: 0x0000000703e00000, size: 4034 MB, Compressed Oops mode: Zero based, Oop shift amount: 3

CDS archive(s) mapped at: [0x0000000800000000-0x0000000800bd0000-0x0000000800bd0000), size 12386304, SharedBaseAddress: 0x0000000800000000, ArchiveRelocationMode: 0.
Compressed class space mapped at: 0x0000000800c00000-0x0000000840c00000, reserved size: 1073741824
Narrow klass base: 0x0000000800000000, Narrow klass shift: 0, Narrow klass range: 0x100000000

GC Precious Log:
 CPUs: 8 total, 8 available
 Memory: 16133M
 Large Page Support: Disabled
 NUMA Support: Disabled
 Compressed Oops: Enabled (Zero based)
 Heap Region Size: 2M
 Heap Min Capacity: 8M
 Heap Initial Capacity: 254M
 Heap Max Capacity: 4034M
 Pre-touch: Disabled
 Parallel Workers: 8
 Concurrent Workers: 2
 Concurrent Refinement Workers: 8
 Periodic GC: Disabled

Heap:
 garbage-first heap   total 260096K, used 12288K [0x0000000703e00000, 0x0000000800000000)
  region size 2048K, 8 young (16384K), 0 survivors (0K)
 Metaspace       used 3012K, committed 3136K, reserved 1056768K
  class space    used 265K, committed 320K, reserved 1048576K

Heap Regions: E=young(eden), S=young(survivor), O=old, HS=humongous(starts), HC=humongous(continues), CS=collection set, F=free, OA=open archive, CA=closed archive, TAMS=top-at-mark-start (previous, next)
|   0|0x0000000703e00000, 0x0000000703e00000, 0x0000000704000000|  0%| F|  |TAMS 0x0000000703e00000, 0x0000000703e00000| Untracked 
|   1|0x0000000704000000, 0x0000000704000000, 0x0000000704200000|  0%| F|  |TAMS 0x0000000704000000, 0x0000000704000000| Untracked 
|   2|0x0000000704200000, 0x0000000704200000, 0x0000000704400000|  0%| F|  |TAMS 0x0000000704200000, 0x0000000704200000| Untracked 
|   3|0x0000000704400000, 0x0000000704400000, 0x0000000704600000|  0%| F|  |TAMS 0x0000000704400000, 0x0000000704400000| Untracked 
|   4|0x0000000704600000, 0x0000000704600000, 0x0000000704800000|  0%| F|  |TAMS 0x0000000704600000, 0x0000000704600000| Untracked 
|   5|0x0000000704800000, 0x0000000704800000, 0x0000000704a00000|  0%| F|  |TAMS 0x0000000704800000, 0x0000000704800000| Untracked 
|   6|0x0000000704a00000, 0x0000000704a00000, 0x0000000704c00000|  0%| F|  |TAMS 0x0000000704a00000, 0x0000000704a00000| Untracked 
|   7|0x0000000704c00000, 0x0000000704c00000, 0x0000000704e00000|  0%| F|  |TAMS 0x0000000704c00000, 0x0000000704c00000| Untracked 
|   8|0x0000000704e00000, 0x0000000704e00000, 0x0000000705000000|  0%| F|  |TAMS 0x0000000704e00000, 0x0000000704e00000| Untracked 
|   9|0x0000000705000000, 0x0000000705000000, 0x0000000705200000|  0%| F|  |TAMS 0x0000000705000000, 0x0000000705000000| Untracked 
|  10|0x0000000705200000, 0x0000000705200000, 0x0000000705400000|  0%| F|  |TAMS 0x0000000705200000, 0x0000000705200000| Untracked 
|  11|0x0000000705400000, 0x0000000705400000, 0x0000000705600000|  0%| F|  |TAMS 0x0000000705400000, 0x0000000705400000| Untracked 
|  12|0x0000000705600000, 0x0000000705600000, 0x0000000705800000|  0%| F|  |TAMS 0x0000000705600000, 0x0000000705600000| Untracked 
|  13|0x0000000705800000, 0x0000000705800000, 0x0000000705a00000|  0%| F|  |TAMS 0x0000000705800000, 0x0000000705800000| Untracked 
|  14|0x0000000705a00000, 0x0000000705a00000, 0x0000000705c00000|  0%| F|  |TAMS 0x0000000705a00000, 0x0000000705a00000| Untracked 
|  15|0x0000000705c00000, 0x0000000705c00000, 0x0000000705e00000|  0%| F|  |TAMS 0x0000000705c00000, 0x0000000705c00000| Untracked 
|  16|0x0000000705e00000, 0x0000000705e00000, 0x0000000706000000|  0%| F|  |TAMS 0x0000000705e00000, 0x0000000705e00000| Untracked 
|  17|0x0000000706000000, 0x0000000706000000, 0x0000000706200000|  0%| F|  |TAMS 0x0000000706000000, 0x0000000706000000| Untracked 
|  18|0x0000000706200000, 0x0000000706200000, 0x0000000706400000|  0%| F|  |TAMS 0x0000000706200000, 0x0000000706200000| Untracked 
|  19|0x0000000706400000, 0x0000000706400000, 0x0000000706600000|  0%| F|  |TAMS 0x0000000706400000, 0x0000000706400000| Untracked 
|  20|0x0000000706600000, 0x0000000706600000, 0x0000000706800000|  0%| F|  |TAMS 0x0000000706600000, 0x0000000706600000| Untracked 
|  21|0x0000000706800000, 0x0000000706800000, 0x0000000706a00000|  0%| F|  |TAMS 0x0000000706800000, 0x0000000706800000| Untracked 
|  22|0x0000000706a00000, 0x0000000706a00000, 0x0000000706c00000|  0%| F|  |TAMS 0x0000000706a00000, 0x0000000706a00000| Untracked 
|  23|0x0000000706c00000, 0x0000000706c00000, 0x0000000706e00000|  0%| F|  |TAMS 0x0000000706c00000, 0x0000000706c00000| Untracked 
|  24|0x0000000706e00000, 0x0000000706e00000, 0x0000000707000000|  0%| F|  |TAMS 0x0000000706e00000, 0x0000000706e00000| Untracked 
|  25|0x0000000707000000, 0x0000000707000000, 0x0000000707200000|  0%| F|  |TAMS 0x0000000707000000, 0x0000000707000000| Untracked 
|  26|0x0000000707200000, 0x0000000707200000, 0x0000000707400000|  0%| F|  |TAMS 0x0000000707200000, 0x0000000707200000| Untracked 
|  27|0x0000000707400000, 0x0000000707400000, 0x0000000707600000|  0%| F|  |TAMS 0x0000000707400000, 0x0000000707400000| Untracked 
|  28|0x0000000707600000, 0x0000000707600000, 0x0000000707800000|  0%| F|  |TAMS 0x0000000707600000, 0x0000000707600000| Untracked 
|  29|0x0000000707800000, 0x0000000707800000, 0x0000000707a00000|  0%| F|  |TAMS 0x0000000707800000, 0x0000000707800000| Untracked 
|  30|0x0000000707a00000, 0x0000000707a00000, 0x0000000707c00000|  0%| F|  |TAMS 0x0000000707a00000, 0x0000000707a00000| Untracked 
|  31|0x0000000707c00000, 0x0000000707c00000, 0x0000000707e00000|  0%| F|  |TAMS 0x0000000707c00000, 0x0000000707c00000| Untracked 
|  32|0x0000000707e00000, 0x0000000707e00000, 0x0000000708000000|  0%| F|  |TAMS 0x0000000707e00000, 0x0000000707e00000| Untracked 
|  33|0x0000000708000000, 0x0000000708000000, 0x0000000708200000|  0%| F|  |TAMS 0x0000000708000000, 0x0000000708000000| Untracked 
|  34|0x0000000708200000, 0x0000000708200000, 0x0000000708400000|  0%| F|  |TAMS 0x0000000708200000, 0x0000000708200000| Untracked 
|  35|0x0000000708400000, 0x0000000708400000, 0x0000000708600000|  0%| F|  |TAMS 0x0000000708400000, 0x0000000708400000| Untracked 
|  36|0x0000000708600000, 0x0000000708600000, 0x0000000708800000|  0%| F|  |TAMS 0x0000000708600000, 0x0000000708600000| Untracked 
|  37|0x0000000708800000, 0x0000000708800000, 0x0000000708a00000|  0%| F|  |TAMS 0x0000000708800000, 0x0000000708800000| Untracked 
|  38|0x0000000708a00000, 0x0000000708a00000, 0x0000000708c00000|  0%| F|  |TAMS 0x0000000708a00000, 0x0000000708a00000| Untracked 
|  39|0x0000000708c00000, 0x0000000708c00000, 0x0000000708e00000|  0%| F|  |TAMS 0x0000000708c00000, 0x0000000708c00000| Untracked 
|  40|0x0000000708e00000, 0x0000000708e00000, 0x0000000709000000|  0%| F|  |TAMS 0x0000000708e00000, 0x0000000708e00000| Untracked 
|  41|0x0000000709000000, 0x0000000709000000, 0x0000000709200000|  0%| F|  |TAMS 0x0000000709000000, 0x0000000709000000| Untracked 
|  42|0x0000000709200000, 0x0000000709200000, 0x0000000709400000|  0%| F|  |TAMS 0x0000000709200000, 0x0000000709200000| Untracked 
|  43|0x0000000709400000, 0x0000000709400000, 0x0000000709600000|  0%| F|  |TAMS 0x0000000709400000, 0x0000000709400000| Untracked 
|  44|0x0000000709600000, 0x0000000709600000, 0x0000000709800000|  0%| F|  |TAMS 0x0000000709600000, 0x0000000709600000| Untracked 
|  45|0x0000000709800000, 0x0000000709800000, 0x0000000709a00000|  0%| F|  |TAMS 0x0000000709800000, 0x0000000709800000| Untracked 
|  46|0x0000000709a00000, 0x0000000709a00000, 0x0000000709c00000|  0%| F|  |TAMS 0x0000000709a00000, 0x0000000709a00000| Untracked 
|  47|0x0000000709c00000, 0x0000000709c00000, 0x0000000709e00000|  0%| F|  |TAMS 0x0000000709c00000, 0x0000000709c00000| Untracked 
|  48|0x0000000709e00000, 0x0000000709e00000, 0x000000070a000000|  0%| F|  |TAMS 0x0000000709e00000, 0x0000000709e00000| Untracked 
|  49|0x000000070a000000, 0x000000070a000000, 0x000000070a200000|  0%| F|  |TAMS 0x000000070a000000, 0x000000070a000000| Untracked 
|  50|0x000000070a200000, 0x000000070a200000, 0x000000070a400000|  0%| F|  |TAMS 0x000000070a200000, 0x000000070a200000| Untracked 
|  51|0x000000070a400000, 0x000000070a400000, 0x000000070a600000|  0%| F|  |TAMS 0x000000070a400000, 0x000000070a400000| Untracked 
|  52|0x000000070a600000, 0x000000070a600000, 0x000000070a800000|  0%| F|  |TAMS 0x000000070a600000, 0x000000070a600000| Untracked 
|  53|0x000000070a800000, 0x000000070a800000, 0x000000070aa00000|  0%| F|  |TAMS 0x000000070a800000, 0x000000070a800000| Untracked 
|  54|0x000000070aa00000, 0x000000070aa00000, 0x000000070ac00000|  0%| F|  |TAMS 0x000000070aa00000, 0x000000070aa00000| Untracked 
|  55|0x000000070ac00000, 0x000000070ac00000, 0x000000070ae00000|  0%| F|  |TAMS 0x000000070ac00000, 0x000000070ac00000| Untracked 
|  56|0x000000070ae00000, 0x000000070ae00000, 0x000000070b000000|  0%| F|  |TAMS 0x000000070ae00000, 0x000000070ae00000| Untracked 
|  57|0x000000070b000000, 0x000000070b000000, 0x000000070b200000|  0%| F|  |TAMS 0x000000070b000000, 0x000000070b000000| Untracked 
|  58|0x000000070b200000, 0x000000070b200000, 0x000000070b400000|  0%| F|  |TAMS 0x000000070b200000, 0x000000070b200000| Untracked 
|  59|0x000000070b400000, 0x000000070b400000, 0x000000070b600000|  0%| F|  |TAMS 0x000000070b400000, 0x000000070b400000| Untracked 
|  60|0x000000070b600000, 0x000000070b600000, 0x000000070b800000|  0%| F|  |TAMS 0x000000070b600000, 0x000000070b600000| Untracked 
|  61|0x000000070b800000, 0x000000070b800000, 0x000000070ba00000|  0%| F|  |TAMS 0x000000070b800000, 0x000000070b800000| Untracked 
|  62|0x000000070ba00000, 0x000000070ba00000, 0x000000070bc00000|  0%| F|  |TAMS 0x000000070ba00000, 0x000000070ba00000| Untracked 
|  63|0x000000070bc00000, 0x000000070bc00000, 0x000000070be00000|  0%| F|  |TAMS 0x000000070bc00000, 0x000000070bc00000| Untracked 
|  64|0x000000070be00000, 0x000000070be00000, 0x000000070c000000|  0%| F|  |TAMS 0x000000070be00000, 0x000000070be00000| Untracked 
|  65|0x000000070c000000, 0x000000070c000000, 0x000000070c200000|  0%| F|  |TAMS 0x000000070c000000, 0x000000070c000000| Untracked 
|  66|0x000000070c200000, 0x000000070c200000, 0x000000070c400000|  0%| F|  |TAMS 0x000000070c200000, 0x000000070c200000| Untracked 
|  67|0x000000070c400000, 0x000000070c400000, 0x000000070c600000|  0%| F|  |TAMS 0x000000070c400000, 0x000000070c400000| Untracked 
|  68|0x000000070c600000, 0x000000070c600000, 0x000000070c800000|  0%| F|  |TAMS 0x000000070c600000, 0x000000070c600000| Untracked 
|  69|0x000000070c800000, 0x000000070c800000, 0x000000070ca00000|  0%| F|  |TAMS 0x000000070c800000, 0x000000070c800000| Untracked 
|  70|0x000000070ca00000, 0x000000070ca00000, 0x000000070cc00000|  0%| F|  |TAMS 0x000000070ca00000, 0x000000070ca00000| Untracked 
|  71|0x000000070cc00000, 0x000000070cc00000, 0x000000070ce00000|  0%| F|  |TAMS 0x000000070cc00000, 0x000000070cc00000| Untracked 
|  72|0x000000070ce00000, 0x000000070ce00000, 0x000000070d000000|  0%| F|  |TAMS 0x000000070ce00000, 0x000000070ce00000| Untracked 
|  73|0x000000070d000000, 0x000000070d000000, 0x000000070d200000|  0%| F|  |TAMS 0x000000070d000000, 0x000000070d000000| Untracked 
|  74|0x000000070d200000, 0x000000070d200000, 0x000000070d400000|  0%| F|  |TAMS 0x000000070d200000, 0x000000070d200000| Untracked 
|  75|0x000000070d400000, 0x000000070d400000, 0x000000070d600000|  0%| F|  |TAMS 0x000000070d400000, 0x000000070d400000| Untracked 
|  76|0x000000070d600000, 0x000000070d600000, 0x000000070d800000|  0%| F|  |TAMS 0x000000070d600000, 0x000000070d600000| Untracked 
|  77|0x000000070d800000, 0x000000070d800000, 0x000000070da00000|  0%| F|  |TAMS 0x000000070d800000, 0x000000070d800000| Untracked 
|  78|0x000000070da00000, 0x000000070da00000, 0x000000070dc00000|  0%| F|  |TAMS 0x000000070da00000, 0x000000070da00000| Untracked 
|  79|0x000000070dc00000, 0x000000070dc00000, 0x000000070de00000|  0%| F|  |TAMS 0x000000070dc00000, 0x000000070dc00000| Untracked 
|  80|0x000000070de00000, 0x000000070de00000, 0x000000070e000000|  0%| F|  |TAMS 0x000000070de00000, 0x000000070de00000| Untracked 
|  81|0x000000070e000000, 0x000000070e000000, 0x000000070e200000|  0%| F|  |TAMS 0x000000070e000000, 0x000000070e000000| Untracked 
|  82|0x000000070e200000, 0x000000070e200000, 0x000000070e400000|  0%| F|  |TAMS 0x000000070e200000, 0x000000070e200000| Untracked 
|  83|0x000000070e400000, 0x000000070e400000, 0x000000070e600000|  0%| F|  |TAMS 0x000000070e400000, 0x000000070e400000| Untracked 
|  84|0x000000070e600000, 0x000000070e600000, 0x000000070e800000|  0%| F|  |TAMS 0x000000070e600000, 0x000000070e600000| Untracked 
|  85|0x000000070e800000, 0x000000070e800000, 0x000000070ea00000|  0%| F|  |TAMS 0x000000070e800000, 0x000000070e800000| Untracked 
|  86|0x000000070ea00000, 0x000000070ea00000, 0x000000070ec00000|  0%| F|  |TAMS 0x000000070ea00000, 0x000000070ea00000| Untracked 
|  87|0x000000070ec00000, 0x000000070ec00000, 0x000000070ee00000|  0%| F|  |TAMS 0x000000070ec00000, 0x000000070ec00000| Untracked 
|  88|0x000000070ee00000, 0x000000070ee00000, 0x000000070f000000|  0%| F|  |TAMS 0x000000070ee00000, 0x000000070ee00000| Untracked 
|  89|0x000000070f000000, 0x000000070f000000, 0x000000070f200000|  0%| F|  |TAMS 0x000000070f000000, 0x000000070f000000| Untracked 
|  90|0x000000070f200000, 0x000000070f200000, 0x000000070f400000|  0%| F|  |TAMS 0x000000070f200000, 0x000000070f200000| Untracked 
|  91|0x000000070f400000, 0x000000070f400000, 0x000000070f600000|  0%| F|  |TAMS 0x000000070f400000, 0x000000070f400000| Untracked 
|  92|0x000000070f600000, 0x000000070f600000, 0x000000070f800000|  0%| F|  |TAMS 0x000000070f600000, 0x000000070f600000| Untracked 
|  93|0x000000070f800000, 0x000000070f800000, 0x000000070fa00000|  0%| F|  |TAMS 0x000000070f800000, 0x000000070f800000| Untracked 
|  94|0x000000070fa00000, 0x000000070fa00000, 0x000000070fc00000|  0%| F|  |TAMS 0x000000070fa00000, 0x000000070fa00000| Untracked 
|  95|0x000000070fc00000, 0x000000070fc00000, 0x000000070fe00000|  0%| F|  |TAMS 0x000000070fc00000, 0x000000070fc00000| Untracked 
|  96|0x000000070fe00000, 0x000000070fe00000, 0x0000000710000000|  0%| F|  |TAMS 0x000000070fe00000, 0x000000070fe00000| Untracked 
|  97|0x0000000710000000, 0x0000000710000000, 0x0000000710200000|  0%| F|  |TAMS 0x0000000710000000, 0x0000000710000000| Untracked 
|  98|0x0000000710200000, 0x0000000710200000, 0x0000000710400000|  0%| F|  |TAMS 0x0000000710200000, 0x0000000710200000| Untracked 
|  99|0x0000000710400000, 0x0000000710400000, 0x0000000710600000|  0%| F|  |TAMS 0x0000000710400000, 0x0000000710400000| Untracked 
| 100|0x0000000710600000, 0x0000000710600000, 0x0000000710800000|  0%| F|  |TAMS 0x0000000710600000, 0x0000000710600000| Untracked 
| 101|0x0000000710800000, 0x0000000710800000, 0x0000000710a00000|  0%| F|  |TAMS 0x0000000710800000, 0x0000000710800000| Untracked 
| 102|0x0000000710a00000, 0x0000000710a00000, 0x0000000710c00000|  0%| F|  |TAMS 0x0000000710a00000, 0x0000000710a00000| Untracked 
| 103|0x0000000710c00000, 0x0000000710c00000, 0x0000000710e00000|  0%| F|  |TAMS 0x0000000710c00000, 0x0000000710c00000| Untracked 
| 104|0x0000000710e00000, 0x0000000710e00000, 0x0000000711000000|  0%| F|  |TAMS 0x0000000710e00000, 0x0000000710e00000| Untracked 
| 105|0x0000000711000000, 0x0000000711000000, 0x0000000711200000|  0%| F|  |TAMS 0x0000000711000000, 0x0000000711000000| Untracked 
| 106|0x0000000711200000, 0x0000000711200000, 0x0000000711400000|  0%| F|  |TAMS 0x0000000711200000, 0x0000000711200000| Untracked 
| 107|0x0000000711400000, 0x0000000711400000, 0x0000000711600000|  0%| F|  |TAMS 0x0000000711400000, 0x0000000711400000| Untracked 
| 108|0x0000000711600000, 0x0000000711600000, 0x0000000711800000|  0%| F|  |TAMS 0x0000000711600000, 0x0000000711600000| Untracked 
| 109|0x0000000711800000, 0x0000000711800000, 0x0000000711a00000|  0%| F|  |TAMS 0x0000000711800000, 0x0000000711800000| Untracked 
| 110|0x0000000711a00000, 0x0000000711a00000, 0x0000000711c00000|  0%| F|  |TAMS 0x0000000711a00000, 0x0000000711a00000| Untracked 
| 111|0x0000000711c00000, 0x0000000711c00000, 0x0000000711e00000|  0%| F|  |TAMS 0x0000000711c00000, 0x0000000711c00000| Untracked 
| 112|0x0000000711e00000, 0x0000000711e00000, 0x0000000712000000|  0%| F|  |TAMS 0x0000000711e00000, 0x0000000711e00000| Untracked 
| 113|0x0000000712000000, 0x0000000712000000, 0x0000000712200000|  0%| F|  |TAMS 0x0000000712000000, 0x0000000712000000| Untracked 
| 114|0x0000000712200000, 0x0000000712200000, 0x0000000712400000|  0%| F|  |TAMS 0x0000000712200000, 0x0000000712200000| Untracked 
| 115|0x0000000712400000, 0x0000000712400000, 0x0000000712600000|  0%| F|  |TAMS 0x0000000712400000, 0x0000000712400000| Untracked 
| 116|0x0000000712600000, 0x0000000712600000, 0x0000000712800000|  0%| F|  |TAMS 0x0000000712600000, 0x0000000712600000| Untracked 
| 117|0x0000000712800000, 0x0000000712800000, 0x0000000712a00000|  0%| F|  |TAMS 0x0000000712800000, 0x0000000712800000| Untracked 
| 118|0x0000000712a00000, 0x0000000712a00000, 0x0000000712c00000|  0%| F|  |TAMS 0x0000000712a00000, 0x0000000712a00000| Untracked 
| 119|0x0000000712c00000, 0x0000000712c71280, 0x0000000712e00000| 22%| E|  |TAMS 0x0000000712c00000, 0x0000000712c00000| Complete 
| 120|0x0000000712e00000, 0x0000000713000000, 0x0000000713000000|100%| E|CS|TAMS 0x0000000712e00000, 0x0000000712e00000| Complete 
| 121|0x0000000713000000, 0x0000000713200000, 0x0000000713200000|100%| E|CS|TAMS 0x0000000713000000, 0x0000000713000000| Complete 
| 122|0x0000000713200000, 0x0000000713400000, 0x0000000713400000|100%| E|CS|TAMS 0x0000000713200000, 0x0000000713200000| Complete 
| 123|0x0000000713400000, 0x0000000713600000, 0x0000000713600000|100%| E|  |TAMS 0x0000000713400000, 0x0000000713400000| Complete 
| 124|0x0000000713600000, 0x0000000713800000, 0x0000000713800000|100%| E|CS|TAMS 0x0000000713600000, 0x0000000713600000| Complete 
| 125|0x0000000713800000, 0x0000000713a00000, 0x0000000713a00000|100%| E|CS|TAMS 0x0000000713800000, 0x0000000713800000| Complete 
| 126|0x0000000713a00000, 0x0000000713c00000, 0x0000000713c00000|100%| E|CS|TAMS 0x0000000713a00000, 0x0000000713a00000| Complete 

Card table byte_map: [0x000001f57d520000,0x000001f57dd10000] _byte_map_base: 0x000001f579d01000

Marking Bits (Prev, Next): (CMBitMap*) 0x000001f57c9a9f20, (CMBitMap*) 0x000001f57c9a9f60
 Prev Bits: [0x000001f5167b0000, 0x000001f51a6b8000)
 Next Bits: [0x000001f51a6c0000, 0x000001f51e5c8000)

Polling page: 0x000001f57a880000

Metaspace:

Usage:
  Non-class:      2.68 MB used.
      Class:    265.75 KB used.
       Both:      2.94 MB used.

Virtual space:
  Non-class space:        8.00 MB reserved,       2.75 MB ( 34%) committed,  1 nodes.
      Class space:        1.00 GB reserved,     320.00 KB ( <1%) committed,  1 nodes.
             Both:        1.01 GB reserved,       3.06 MB ( <1%) committed. 

Chunk freelists:
   Non-Class:  3.70 MB
       Class:  3.72 MB
        Both:  7.42 MB

MaxMetaspaceSize: unlimited
CompressedClassSpaceSize: 1.00 GB
Initial GC threshold: 21.00 MB
Current GC threshold: 21.00 MB
CDS: on
MetaspaceReclaimPolicy: balanced
 - commit_granule_bytes: 65536.
 - commit_granule_words: 8192.
 - virtual_space_node_default_size: 1048576.
 - enlarge_chunks_in_place: 1.
 - new_chunks_are_fully_committed: 0.
 - uncommit_free_chunks: 1.
 - use_allocation_guard: 0.
 - handle_deallocations: 1.


Internal statistics:

num_allocs_failed_limit: 0.
num_arena_births: 8.
num_arena_deaths: 0.
num_vsnodes_births: 2.
num_vsnodes_deaths: 0.
num_space_committed: 49.
num_space_uncommitted: 0.
num_chunks_returned_to_freelist: 0.
num_chunks_taken_from_freelist: 29.
num_chunk_merges: 0.
num_chunk_splits: 18.
num_chunks_enlarged: 11.
num_purges: 0.
num_inconsistent_stats: 0.

CodeHeap 'non-profiled nmethods': size=120000Kb used=244Kb max_used=244Kb free=119755Kb
 bounds [0x000001f50f280000, 0x000001f50f4f0000, 0x000001f5167b0000]
CodeHeap 'profiled nmethods': size=120000Kb used=946Kb max_used=946Kb free=119053Kb
 bounds [0x000001f5077b0000, 0x000001f507a20000, 0x000001f50ece0000]
CodeHeap 'non-nmethods': size=5760Kb used=1217Kb max_used=1245Kb free=4542Kb
 bounds [0x000001f50ece0000, 0x000001f50ef50000, 0x000001f50f280000]
 total_blobs=1050 nmethods=627 adapters=336
 compilation: enabled
              stopped_count=0, restarted_count=0
 full_count=0

Compilation events (20 events):
Event: 0.632 Thread 0x000001f57efbf010  621       3       java.lang.StringLatin1::indexOf (25 bytes)
Event: 0.632 Thread 0x000001f57efbf010 nmethod 621 0x000001f50789af10 code [0x000001f50789b0c0, 0x000001f50789b2e8]
Event: 0.632 Thread 0x000001f57efbf010  622       1       java.security.ProtectionDomain::getCodeSource (5 bytes)
Event: 0.633 Thread 0x000001f57efbf010 nmethod 622 0x000001f50f2bca10 code [0x000001f50f2bcba0, 0x000001f50f2bcc78]
Event: 0.633 Thread 0x000001f57f30d7c0  623       4       org.eclipse.jdt.launching.internal.org.objectweb.asm.ClassReader::readUnsignedShort (26 bytes)
Event: 0.633 Thread 0x000001f57efbf010  624       3       org.eclipse.jdt.launching.internal.org.objectweb.asm.SymbolTable::hash (10 bytes)
Event: 0.633 Thread 0x000001f57efbf010 nmethod 624 0x000001f50789b410 code [0x000001f50789b5a0, 0x000001f50789b6e8]
Event: 0.634 Thread 0x000001f57f30d7c0 nmethod 623 0x000001f50f2bcd10 code [0x000001f50f2bce80, 0x000001f50f2bcf78]
Event: 145.490 Thread 0x000001f57efbf010  625       3       org.eclipse.jdt.launching.internal.org.objectweb.asm.SymbolTable::addConstantUtf8 (20 bytes)
Event: 145.493 Thread 0x000001f57efbf010 

Event: 522.691 Thread 0x000001f57efbc650  626       4       java.lang.StringUTF16::compress (50 bytes)
Event: 522.691 Thread 0x000001f57efbf010  627       3       org.eclipse.jdt.launching.internal.org.objectweb.asm.SymbolTable$Entry::<init> (17 bytes)
Event: 522.691 Thread 0x000001f57efbf010 nmethod 627 0x000001f50789b810 code [0x000001f50789b9c0, 0x000001f50789bb68]
Event: 522.691 Thread 0x000001f57efbf010  628       3       org.eclipse.jdt.launching.internal.org.objectweb.asm.SymbolTable::addConstantUtf8 (20 bytes)
Event: 522.691 Thread 0x000001f57efbf010 nmethod 628 0x000001f50789bc10 code [0x000001f50789bde0, 0x000001f50789c0a8]
Event: 522.691 Thread 0x000001f57efbf010  629       3       org.eclipse.jdt.launching.internal.org.objectweb.asm.ByteVector::putShort (52 bytes)
Event: 522.691 Thread 0x000001f57efbf010 nmethod 629 0x000001f50789c210 code [0x000001f50789c3c0, 0x000001f50789c5e8]
Event: 522.696 Thread 0x000001f57efbc650 

Event: 840.098 Thread 0x000001f57efbf010  630       3       org.eclipse.jdt.launching.internal.org.objectweb.asm.SymbolTable::get (13 bytes)
Event: 840.098 Thread 0x000001f57efbf010 nmethod 630 0x000001f50789c790 code [0x000001f50789c920, 0x000001f50789ca78]

GC Heap History (0 events):
No events

Deoptimization events (20 events):
Event: 0.604 Thread 0x000001f57c93ee40 DEOPT PACKING pc=0x000001f50786f9d4 sp=0x000000d1250fbac0
Event: 0.604 Thread 0x000001f57c93ee40 DEOPT UNPACKING pc=0x000001f50ed366e3 sp=0x000000d1250faf28 mode 0
Event: 0.604 Thread 0x000001f57c93ee40 DEOPT PACKING pc=0x000001f50786f9d4 sp=0x000000d1250fbac0
Event: 0.604 Thread 0x000001f57c93ee40 DEOPT UNPACKING pc=0x000001f50ed366e3 sp=0x000000d1250faf28 mode 0
Event: 0.605 Thread 0x000001f57c93ee40 DEOPT PACKING pc=0x000001f50786f9d4 sp=0x000000d1250f7fd0
Event: 0.605 Thread 0x000001f57c93ee40 DEOPT UNPACKING pc=0x000001f50ed366e3 sp=0x000000d1250f7438 mode 0
Event: 0.608 Thread 0x000001f57c93ee40 DEOPT PACKING pc=0x000001f50786f8fc sp=0x000000d1250fb9f0
Event: 0.608 Thread 0x000001f57c93ee40 DEOPT UNPACKING pc=0x000001f50ed366e3 sp=0x000000d1250fae58 mode 0
Event: 0.610 Thread 0x000001f57c93ee40 DEOPT PACKING pc=0x000001f50786f8fc sp=0x000000d1250fbac0
Event: 0.610 Thread 0x000001f57c93ee40 DEOPT UNPACKING pc=0x000001f50ed366e3 sp=0x000000d1250faf28 mode 0
Event: 0.610 Thread 0x000001f57c93ee40 DEOPT PACKING pc=0x000001f50786f8fc sp=0x000000d1250fb970
Event: 0.610 Thread 0x000001f57c93ee40 DEOPT UNPACKING pc=0x000001f50ed366e3 sp=0x000000d1250fadd8 mode 0
Event: 0.618 Thread 0x000001f57c93ee40 DEOPT PACKING pc=0x000001f50786f8fc sp=0x000000d1250f7c40
Event: 0.618 Thread 0x000001f57c93ee40 DEOPT UNPACKING pc=0x000001f50ed366e3 sp=0x000000d1250f70a8 mode 0
Event: 0.618 Thread 0x000001f57c93ee40 DEOPT PACKING pc=0x000001f50786f9d4 sp=0x000000d1250f7c40
Event: 0.618 Thread 0x000001f57c93ee40 DEOPT UNPACKING pc=0x000001f50ed366e3 sp=0x000000d1250f70a8 mode 0
Event: 0.618 Thread 0x000001f57c93ee40 DEOPT PACKING pc=0x000001f50786f9d4 sp=0x000000d1250f7c40
Event: 0.618 Thread 0x000001f57c93ee40 DEOPT UNPACKING pc=0x000001f50ed366e3 sp=0x000000d1250f70a8 mode 0
Event: 0.618 Thread 0x000001f57c93ee40 DEOPT PACKING pc=0x000001f50786f9d4 sp=0x000000d1250f7c40
Event: 0.618 Thread 0x000001f57c93ee40 DEOPT UNPACKING pc=0x000001f50ed366e3 sp=0x000000d1250f70a8 mode 0

Classes unloaded (0 events):
No events

Classes redefined (5 events):
Event: 55.924 Thread 0x000001f57e91e900 redefined class name=com.demo1.DropDown, count=1
Event: 145.492 Thread 0x000001f57e91e900 redefined class name=com.demo1.DropDown, count=2
Event: 455.467 Thread 0x000001f57e91e900 redefined class name=com.demo1.DropDown, count=3
Event: 522.694 Thread 0x000001f57e91e900 redefined class name=com.demo1.DropDown, count=4
Event: 840.099 Thread 0x000001f57e91e900 redefined class name=com.demo1.DropDown, count=5

Internal exceptions (0 events):
No events

VM Operations (20 events):
Event: 145.493 Executing VM operation: RedefineClasses done
Event: 145.517 Executing VM operation: ChangeBreakpoints
Event: 145.517 Executing VM operation: ChangeBreakpoints done
Event: 455.466 Executing VM operation: RedefineClasses
Event: 455.468 Executing VM operation: RedefineClasses done
Event: 455.490 Executing VM operation: ChangeBreakpoints
Event: 455.490 Executing VM operation: ChangeBreakpoints done
Event: 522.693 Executing VM operation: RedefineClasses
Event: 522.695 Executing VM operation: RedefineClasses done
Event: 522.698 Executing VM operation: ChangeBreakpoints
Event: 522.699 Executing VM operation: ChangeBreakpoints done
Event: 522.704 Executing VM operation: ChangeBreakpoints
Event: 522.704 Executing VM operation: ChangeBreakpoints done
Event: 522.711 Executing VM operation: ChangeBreakpoints
Event: 522.711 Executing VM operation: ChangeBreakpoints done
Event: 522.716 Executing VM operation: ChangeBreakpoints
Event: 522.717 Executing VM operation: ChangeBreakpoints done
Event: 522.721 Executing VM operation: ChangeBreakpoints
Event: 522.721 Executing VM operation: ChangeBreakpoints done
Event: 840.098 Executing VM operation: RedefineClasses

Events (20 events):
Event: 0.598 loading class jdk/internal/reflect/UTF8
Event: 0.598 loading class jdk/internal/reflect/UTF8 done
Event: 0.598 loading class jdk/internal/reflect/Label
Event: 0.598 loading class jdk/internal/reflect/Label done
Event: 0.598 loading class jdk/internal/reflect/Label$PatchInfo
Event: 0.598 loading class jdk/internal/reflect/Label$PatchInfo done
Event: 0.598 loading class jdk/internal/reflect/MethodAccessorGenerator$1
Event: 0.599 loading class jdk/internal/reflect/MethodAccessorGenerator$1 done
Event: 0.599 loading class jdk/internal/reflect/ClassDefiner
Event: 0.599 loading class jdk/internal/reflect/ClassDefiner done
Event: 0.599 loading class jdk/internal/reflect/ClassDefiner$1
Event: 0.599 loading class jdk/internal/reflect/ClassDefiner$1 done
Event: 0.599 loading class jdk/internal/reflect/BootstrapConstructorAccessorImpl
Event: 0.599 loading class jdk/internal/reflect/BootstrapConstructorAccessorImpl done
Event: 0.620 loading class java/lang/IllegalStateException
Event: 0.620 loading class java/lang/IllegalStateException done
Event: 0.634 loading class java/lang/InterruptedException
Event: 0.634 loading class java/lang/InterruptedException done
Event: 5.639 Thread 0x000001f57f30dcd0 Thread exited: 0x000001f57f30dcd0
Event: 10.651 Thread 0x000001f57f30d7c0 Thread exited: 0x000001f57f30d7c0


Dynamic libraries:
0x00007ff7d6a70000 - 0x00007ff7d6a80000 	C:\Program Files\Java\jdk-17\bin\javaw.exe
0x00007ffbcd650000 - 0x00007ffbcd864000 	C:\windows\SYSTEM32\ntdll.dll
0x00007ffbcc290000 - 0x00007ffbcc352000 	C:\windows\System32\KERNEL32.DLL
0x00007ffbcab70000 - 0x00007ffbcaf13000 	C:\windows\System32\KERNELBASE.dll
0x00007ffbcaf20000 - 0x00007ffbcb031000 	C:\windows\System32\ucrtbase.dll
0x00007ffbadd90000 - 0x00007ffbadda9000 	C:\Program Files\Java\jdk-17\bin\jli.dll
0x00007ffbadf60000 - 0x00007ffbadf7b000 	C:\Program Files\Java\jdk-17\bin\VCRUNTIME140.dll
0x00007ffbcb430000 - 0x00007ffbcb4de000 	C:\windows\System32\ADVAPI32.dll
0x00007ffbcbf00000 - 0x00007ffbcbfa7000 	C:\windows\System32\msvcrt.dll
0x00007ffbcd480000 - 0x00007ffbcd524000 	C:\windows\System32\sechost.dll
0x00007ffbcc370000 - 0x00007ffbcc487000 	C:\windows\System32\RPCRT4.dll
0x00007ffbcc030000 - 0x00007ffbcc1db000 	C:\windows\System32\USER32.dll
0x00007ffbcb400000 - 0x00007ffbcb426000 	C:\windows\System32\win32u.dll
0x00007ffbcd2b0000 - 0x00007ffbcd2d9000 	C:\windows\System32\GDI32.dll
0x00007ffbaf130000 - 0x00007ffbaf3be000 	C:\windows\WinSxS\amd64_microsoft.windows.common-controls_6595b64144ccf1df_6.0.22621.1635_none_270f70857386168e\COMCTL32.dll
0x00007ffbcaa50000 - 0x00007ffbcab69000 	C:\windows\System32\gdi32full.dll
0x00007ffbcb040000 - 0x00007ffbcb0da000 	C:\windows\System32\msvcp_win.dll
0x00007ffbc49d0000 - 0x00007ffbc49da000 	C:\windows\SYSTEM32\VERSION.dll
0x00007ffbcc1e0000 - 0x00007ffbcc211000 	C:\windows\System32\IMM32.DLL
0x00007ffbb1480000 - 0x00007ffbb148c000 	C:\Program Files\Java\jdk-17\bin\vcruntime140_1.dll
0x00007ffb99340000 - 0x00007ffb993ce000 	C:\Program Files\Java\jdk-17\bin\msvcp140.dll
0x00007ffb44950000 - 0x00007ffb4552d000 	C:\Program Files\Java\jdk-17\bin\server\jvm.dll
0x00007ffbcba10000 - 0x00007ffbcba18000 	C:\windows\System32\PSAPI.DLL
0x00007ffbaa8f0000 - 0x00007ffbaa8f9000 	C:\windows\SYSTEM32\WSOCK32.dll
0x00007ffbcbfb0000 - 0x00007ffbcc021000 	C:\windows\System32\WS2_32.dll
0x00007ffbc2f00000 - 0x00007ffbc2f34000 	C:\windows\SYSTEM32\WINMM.dll
0x00007ffbc9a80000 - 0x00007ffbc9a98000 	C:\windows\SYSTEM32\kernel.appcore.dll
0x00007ffbc7690000 - 0x00007ffbc769a000 	C:\Program Files\Java\jdk-17\bin\jimage.dll
0x00007ffbc8330000 - 0x00007ffbc855e000 	C:\windows\SYSTEM32\DBGHELP.DLL
0x00007ffbccf20000 - 0x00007ffbcd2a9000 	C:\windows\System32\combase.dll
0x00007ffbcd530000 - 0x00007ffbcd607000 	C:\windows\System32\OLEAUT32.dll
0x00007ffba9010000 - 0x00007ffba9042000 	C:\windows\SYSTEM32\dbgcore.DLL
0x00007ffbcb0e0000 - 0x00007ffbcb15b000 	C:\windows\System32\bcryptPrimitives.dll
0x00007ffbac2a0000 - 0x00007ffbac2db000 	C:\Program Files\Java\jdk-17\bin\jdwp.dll
0x00007ffbc59b0000 - 0x00007ffbc59be000 	C:\Program Files\Java\jdk-17\bin\instrument.dll
0x00007ffbae6f0000 - 0x00007ffbae715000 	C:\Program Files\Java\jdk-17\bin\java.dll
0x00007ffb9d570000 - 0x00007ffb9d647000 	C:\Program Files\Java\jdk-17\bin\jsvml.dll
0x00007ffbcc490000 - 0x00007ffbccc8a000 	C:\windows\System32\SHELL32.dll
0x00007ffbc8a00000 - 0x00007ffbc92ce000 	C:\windows\SYSTEM32\windows.storage.dll
0x00007ffbc88c0000 - 0x00007ffbc89fe000 	C:\windows\SYSTEM32\wintypes.dll
0x00007ffbcb810000 - 0x00007ffbcb901000 	C:\windows\System32\SHCORE.dll
0x00007ffbcb7b0000 - 0x00007ffbcb80e000 	C:\windows\System32\shlwapi.dll
0x00007ffbca980000 - 0x00007ffbca9a1000 	C:\windows\SYSTEM32\profapi.dll
0x00007ffbbb350000 - 0x00007ffbbb35c000 	C:\Program Files\Java\jdk-17\bin\dt_socket.dll
0x00007ffbc9530000 - 0x00007ffbc955d000 	C:\windows\SYSTEM32\IPHLPAPI.DLL
0x00007ffbc9f10000 - 0x00007ffbc9f79000 	C:\windows\system32\mswsock.dll
0x00007ffbc9560000 - 0x00007ffbc9653000 	C:\windows\SYSTEM32\DNSAPI.dll
0x00007ffbcce70000 - 0x00007ffbcce79000 	C:\windows\System32\NSI.dll
0x00000000663a0000 - 0x00000000663d5000 	C:\Program Files\Bonjour\mdnsNSP.dll
0x00007ffbc19a0000 - 0x00007ffbc19aa000 	C:\Windows\System32\rasadhlp.dll
0x00007ffbbac30000 - 0x00007ffbbacb4000 	C:\windows\System32\fwpuclnt.dll
0x00007ffbae1e0000 - 0x00007ffbae1f8000 	C:\Program Files\Java\jdk-17\bin\zip.dll
0x00007ffbb1d80000 - 0x00007ffbb1d99000 	C:\Program Files\Java\jdk-17\bin\net.dll
0x00007ffbc50d0000 - 0x00007ffbc5207000 	C:\windows\SYSTEM32\WINHTTP.dll
0x00007ffbae550000 - 0x00007ffbae566000 	C:\Program Files\Java\jdk-17\bin\nio.dll
0x00007ffbc2880000 - 0x00007ffbc2890000 	C:\Program Files\Java\jdk-17\bin\verify.dll

dbghelp: loaded successfully - version: 4.0.5 - missing functions: none
symbol engine: initialized successfully - sym options: 0x614 - pdb path: .;C:\Program Files\Java\jdk-17\bin;C:\windows\SYSTEM32;C:\windows\WinSxS\amd64_microsoft.windows.common-controls_6595b64144ccf1df_6.0.22621.1635_none_270f70857386168e;C:\Program Files\Java\jdk-17\bin\server;C:\Program Files\Bonjour

VM Arguments:
jvm_args: -XX:+ShowCodeDetailsInExceptionMessages -agentlib:jdwp=transport=dt_socket,suspend=y,address=localhost:53349 -javaagent:C:\Users\mailm\eclipse\java-2023-032\eclipse\configuration\org.eclipse.osgi\231\0\.cp\lib\javaagent-shaded.jar -Dfile.encoding=UTF-8 
java_command: com.demo1.DropDown
java_class_path (initial): C:\Users\mailm\eclipse-workspace\mavendemo\target\test-classes;C:\Users\mailm\eclipse-workspace\mavendemo\target\classes;C:\Users\mailm\.p2\pool\plugins\org.testng_7.4.0.r202105021533.jar;C:\Users\mailm\.p2\pool\plugins\com.beust.jcommander_1.78.0.jar;C:\Users\mailm\.p2\pool\plugins\org.apache-extras.beanshell.bsh_2.0.0.b6.jar;C:\Users\mailm\.p2\pool\plugins\org.yaml.snakeyaml_1.27.0.v20221112-0806.jar;C:\Users\mailm\.p2\pool\plugins\org.webjars.jquery_3.5.1.jar;C:\Users\mailm\.m2\repository\junit\junit\4.13.2\junit-4.13.2.jar;C:\Users\mailm\.m2\repository\org\hamcrest\hamcrest-core\1.3\hamcrest-core-1.3.jar;C:\Users\mailm\.m2\repository\io\cucumber\cucumber-java\7.12.0\cucumber-java-7.12.0.jar;C:\Users\mailm\.m2\repository\io\cucumber\cucumber-core\7.12.0\cucumber-core-7.12.0.jar;C:\Users\mailm\.m2\repository\io\cucumber\cucumber-gherkin\7.12.0\cucumber-gherkin-7.12.0.jar;C:\Users\mailm\.m2\repository\io\cucumber\cucumber-gherkin-messages\7.12.0\cucumber-gherkin-messages-7.12.0.jar;C:\Users\mailm\.m2\repository\io\cucumber\gherkin\26.2.0\gherkin-26.2.0.jar;C:\Users\mailm\.m2\repository\io\cucumber\messages\22.0.0\messages-22.0.0.jar;C:\Users\mailm\.m2\repository\io\cucumber\tag-expressions\5.0.1\tag-expressions-5.0.1.jar;C:\Users\mailm\.m2\repository\io\cucumber\cucumber-expressions\16.1.2\cucumber-expressions-16.1.2.jar;C:\Users\mailm\.m2\repository\io\cucumber\datatable\7.12.0\datatable-7.12.0.jar;C:\Users\mailm\.m2\repository\io\cucumber\cucumber-plugin\7.12.0\cucumber-plugin-7.12.0.jar;C:\Users\mailm\.m2\repository\io\cucumber\docstring\7.12.0\docstring-7.12.0.jar;C:\Users\mailm\.m2\repository\io\cucumber\html-formatter\20.3.0\html-formatter-20.3.0.jar;C:\Users\mailm\.m2\repository\io\cucumber\junit-xml-formatter\0.2.0\junit-xml-formatter-0.2.0.jar;C:\Users\mailm\.m2\repository\io\cucumber\ci-environment\9.2.0\ci-environment-9.2.0.jar;C:\Users\mailm\.m2\repository\org\apiguardian\apiguardian-api\1.1.2\apiguardian-api-1.1.2.jar;C:\Us
Launcher Type: SUN_STANDARD

[Global flags]
     intx CICompilerCount                          = 4                                         {product} {ergonomic}
     uint ConcGCThreads                            = 2                                         {product} {ergonomic}
     uint G1ConcRefinementThreads                  = 8                                         {product} {ergonomic}
   size_t G1HeapRegionSize                         = 2097152                                   {product} {ergonomic}
    uintx GCDrainStackTargetSize                   = 64                                        {product} {ergonomic}
   size_t InitialHeapSize                          = 266338304                                 {product} {ergonomic}
   size_t MarkStackSize                            = 4194304                                   {product} {ergonomic}
   size_t MaxHeapSize                              = 4229955584                                {product} {ergonomic}
   size_t MaxNewSize                               = 2537553920                                {product} {ergonomic}
   size_t MinHeapDeltaBytes                        = 2097152                                   {product} {ergonomic}
   size_t MinHeapSize                              = 8388608                                   {product} {ergonomic}
    uintx NonNMethodCodeHeapSize                   = 5839372                                {pd product} {ergonomic}
    uintx NonProfiledCodeHeapSize                  = 122909434                              {pd product} {ergonomic}
    uintx ProfiledCodeHeapSize                     = 122909434                              {pd product} {ergonomic}
    uintx ReservedCodeCacheSize                    = 251658240                              {pd product} {ergonomic}
     bool SegmentedCodeCache                       = true                                      {product} {ergonomic}
     bool ShowCodeDetailsInExceptionMessages       = true                                   {manageable} {command line}
   size_t SoftMaxHeapSize                          = 4229955584                             {manageable} {ergonomic}
     bool UseCompressedClassPointers               = true                           {product lp64_product} {ergonomic}
     bool UseCompressedOops                        = true                           {product lp64_product} {ergonomic}
     bool UseG1GC                                  = true                                      {product} {ergonomic}
     bool UseLargePagesIndividualAllocation        = false                                  {pd product} {ergonomic}

Logging:
Log output configuration:
 #0: stdout all=warning uptime,level,tags
 #1: stderr all=off uptime,level,tags

Environment Variables:
JAVA_HOME=C:\Program Files\Java\jdk-20
PATH=C:/Program Files/Java/jdk-17/bin/server;C:/Program Files/Java/jdk-17/bin;C:\app\mailm\product\21c\dbhomeXE\bin;C:\windows\system32;C:\windows;C:\windows\System32\Wbem;C:\windows\System32\WindowsPowerShell\v1.0\;C:\windows\System32\OpenSSH\;C:\Program Files\Git\cmd;C:\Users\mailm\AppData\Local\Microsoft\WindowsApps;C:\Program Files\apache-maven-3.9.1\bin;C:\Program Files\Java\jdk-17\bin;;C:\Users\mailm\OneDrive\Desktop;
USERNAME=mailm
OS=Windows_NT
PROCESSOR_IDENTIFIER=Intel64 Family 6 Model 140 Stepping 2, GenuineIntel



---------------  S Y S T E M  ---------------

OS:
 Windows 11 , 64 bit Build 22621 (10.0.22621.1778)
OS uptime: 10 days 1:38 hours
Hyper-V role detected

CPU: total 8 (initial active 8) (4 cores per cpu, 2 threads per core) family 6 model 140 stepping 2 microcode 0x28, cx8, cmov, fxsr, ht, mmx, 3dnowpref, sse, sse2, sse3, ssse3, sse4.1, sse4.2, popcnt, lzcnt, tsc, tscinvbit, avx, avx2, aes, erms, clmul, bmi1, bmi2, adx, avx512f, avx512dq, avx512cd, avx512bw, avx512vl, sha, fma, vzeroupper, avx512_vpopcntdq, avx512_vpclmulqdq, avx512_vaes, avx512_vnni, clflush, clflushopt, clwb, avx512_vbmi2, avx512_vbmi, hv

Memory: 4k page, system-wide physical 16133M (7943M free)
TotalPageFile size 18565M (AvailPageFile size 5838M)
current process WorkingSet (physical memory assigned to process): 59M, peak: 62M
current process commit charge ("private bytes"): 352M, peak: 356M

vm_info: Java HotSpot(TM) 64-Bit Server VM (17.0.7+8-LTS-224) for windows-amd64 JRE (17.0.7+8-LTS-224), built on Feb 28 2023 23:03:02 by "mach5one" with MS VC++ 17.1 (VS2022)

END.
